<?xml version="1.0" encoding="UTF-8"?>
<testng-results ignored="0" total="2" passed="2" failed="0" skipped="0">
  <reporter-output>
  </reporter-output>
  <suite started-at="2021-02-02T18:30:02 GMT-08:00" name="Default suite" finished-at="2021-02-02T18:30:11 GMT-08:00" duration-ms="8483">
    <groups>
    </groups>
    <test started-at="2021-02-02T18:30:02 GMT-08:00" name="Default test" finished-at="2021-02-02T18:30:11 GMT-08:00" duration-ms="8483">
      <class name="get_test">
        <test-method signature="test1()[pri:0, instance:get_test@5552768b]" started-at="2021-02-02T18:30:02 GMT-08:00" name="test1" finished-at="2021-02-02T18:30:09 GMT-08:00" duration-ms="6450" status="PASS">
          <reporter-output>
          </reporter-output>
        </test-method> <!-- test1 -->
        <test-method signature="test2()[pri:0, instance:get_test@5552768b]" started-at="2021-02-02T18:30:09 GMT-08:00" name="test2" finished-at="2021-02-02T18:30:11 GMT-08:00" duration-ms="1833" status="PASS">
          <reporter-output>
          </reporter-output>
        </test-method> <!-- test2 -->
      </class> <!-- get_test -->
    </test> <!-- Default test -->
  </suite> <!-- Default suite -->
</testng-results>
